15:35:07 - +bank --search=clue~
15:35:07 - ~
15:36:18 - +bank --search=clue~
15:36:19 - ~
15:36:37 - +bank --search=clue1~
15:36:37 - ~
16:25:05 - +m kill zulrah~
16:54:09 - +m kill zulrah~
17:27:09 - +m kill zulrah~
17:35:23 - ~
17:36:47 - +cl boss~
17:36:50 - ~
17:40:28 - +cl boss~
17:40:30 - ~
17:41:57 - Command: "enable trivia" Explanation: "Enable -trivia".
Command: "disable trivia" Explanation: "Disable -trivia".
Command: "start" Explanation: "Bot will start asking osrsbot for +trivia".
Command: "stop" Explanation: "Bot will stop asking osrsbot for +trivia".
Command: "daily" Explanation: "Bot will ask osrsbot for it's +daily".
Command: "commands" Explanation: "Show all bot commands".
Command: "send" Explanation: "send=YOUR MESSAGE HERE(Currently only in gangshit osrs-bot channel".
~
17:42:22 - test~
17:42:33 - +trivia~
17:42:33 - Which Falador guard famously dies in the Garden of Tranquility quest? : bob?~
17:42:53 - +cl~
17:42:54 - ~
18:00:09 - +m kill zulrah~
18:41:29 - ~
18:33:13 - +m kill zulrah~
19:32:25 - +m clue 1 elite~
19:55:40 - +m kill zulrah~
20:10:13 - ~
20:24:14 - yes~
20:54:01 - +m kill zulrah~
21:23:03 - +m kill zulrah~
22:04:04 - +m kill zulrah~
22:13:22 - ~
22:39:04 - +m kill zulrah~
23:06:40 - ~
23:07:34 - Which NPC in the Varrock Clothing Store can you get a clothing makeover from? : thessalia~
23:10:04 - +m kill zulrah~
23:18:12 - ~
23:24:32 - ~
23:27:07 - +m~
23:27:22 - Bot is gonna ask for a daily.~
23:27:24 - What Strength level do you need to wield the Granite Hammer? : 50~
23:40:42 - +m~

