11:08:28 - Bot is gonna ask for a daily.~
11:08:29 - When you die with Chinchompas in your inventory they will dissappear UNLESS you are where? : wilderness~
11:09:15 - What crafting level do you need to craft Red Dragonhide Vambraces? : 73~
11:16:14 - +m kill [0]~
11:16:14 - ~
11:16:45 - +m kill arma~
11:50:18 - +m kill arma~
12:31:58 - +bank --sv~
12:31:59 - ~
12:56:06 - +cl boss~
12:56:07 - ~
12:56:15 - +m kill zulrah~
13:27:50 - ~
13:25:05 - +m kill zulrah~
13:43:31 - The Armadyl Crossbow model is a recolored version of which crossbow? : hunters~
13:58:05 - +m kill zulrah~
14:29:06 - yes~
14:30:16 - Command: "enable trivia" Explanation: "Enable -trivia".
Command: "disable trivia" Explanation: "Disable -trivia".
Command: "start" Explanation: "Bot will start asking osrsbot for +trivia".
Command: "stop" Explanation: "Bot will stop asking osrsbot for +trivia".
Command: "daily" Explanation: "Bot will ask osrsbot for it's +daily".
Command: "commands" Explanation: "Show all bot commands".
Command: "send" Explanation: "send=YOUR MESSAGE HERE(Currently only in gangshit osrs-bot channel".
~
14:32:14 - +bank --sv~
14:32:16 - ~
14:32:21 - ~
14:33:07 - ~
14:35:02 - ~
14:35:12 - ~
14:50:38 - ~
14:56:07 - +m kill zulrah~
15:06:11 - ~
15:19:25 - ~
15:33:09 - +bank --search~
15:33:09 - ~
15:29:08 - +m kill zulrah~

