11:04:31 - Command: "enable trivia" Explanation: "Enable -trivia".
Command: "disable trivia" Explanation: "Disable -trivia".
Command: "start" Explanation: "Bot will start asking osrsbot for +trivia".
Command: "stop" Explanation: "Bot will stop asking osrsbot for +trivia".
Command: "daily" Explanation: "Bot will ask osrsbot for it's +daily".
Command: "commands" Explanation: "Show all bot commands".~
Command: "send message" Explanation: "send message=YOUR MESSAGE HERE(Currently only in gangshit osrs-bot channel".
11:04:39 - Command: "enable trivia" Explanation: "Enable -trivia".
Command: "disable trivia" Explanation: "Disable -trivia".
Command: "start" Explanation: "Bot will start asking osrsbot for +trivia".
Command: "stop" Explanation: "Bot will stop asking osrsbot for +trivia".
Command: "daily" Explanation: "Bot will ask osrsbot for it's +daily".
Command: "commands" Explanation: "Show all bot commands".
Command: "send message" Explanation: "send message=YOUR MESSAGE HERE(Currently only in gangshit osrs-bot channel".~
11:06:05 - +m~
11:16:41 - +m kc~
11:16:31 - +m kill arma~
11:43:51 - Name any Ancient Magicks teleport : ghorrock~
11:44:43 - Test~
11:55:05 - +mkc~
11:55:09 - +m kc~
11:55:19 - +cl boss~
11:56:05 - +bank --sv~
11:53:12 - +m kill arma
12:18:54 - Command: "enable trivia" Explanation: "Enable -trivia".
Command: "disable trivia" Explanation: "Disable -trivia".
Command: "start" Explanation: "Bot will start asking osrsbot for +trivia".
Command: "stop" Explanation: "Bot will stop asking osrsbot for +trivia".
Command: "daily" Explanation: "Bot will ask osrsbot for it's +daily".
Command: "commands" Explanation: "Show all bot commands".
Command: "send" Explanation: "send=YOUR MESSAGE HERE(Currently only in gangshit osrs-bot channel".~
12:30:40 - +m kill arma
13:05:41 - +m kill arma
13:15:17 - +cl boss~
14:01:54 - Command: "enable trivia" Explanation: "Enable -trivia".
Command: "disable trivia" Explanation: "Disable -trivia".
Command: "start" Explanation: "Bot will start asking osrsbot for +trivia".
Command: "stop" Explanation: "Bot will stop asking osrsbot for +trivia".
Command: "daily" Explanation: "Bot will ask osrsbot for it's +daily".
Command: "commands" Explanation: "Show all bot commands".
Command: "send" Explanation: "send=YOUR MESSAGE HERE(Currently only in gangshit osrs-bot channel".~
14:14:46 - +m~
14:25:11 - +m~
14:25:20 - +m kill~
14:25:42 - +m kill arma~
14:33:12 - yes~
15:02:07 - yes~
15:33:26 - Where in RuneScape would you find Hofuthand? : grand exchange~
15:33:42 - +m~
15:39:21 - yes~
16:11:34 - yes~
19:51:45 - +m kill arma~
20:25:15 - What is the name of this monster found in a quest? https://i.imgur.com/ooaVLTB.png : evil creature~
20:24:05 - yes~
20:29:00 - +m kill arma~
21:02:25 - yes~

